2019-03-21 11:29:24.701 ERROR - o.s.b.SpringApplication.reportFailure(858) - Application run failed 
java.lang.IllegalStateException: Failed to connect to config center (zookeeper): 127.0.0.1:2181 in 30000ms.
	at org.apache.dubbo.configcenter.support.zookeeper.ZookeeperDynamicConfiguration.<init>(ZookeeperDynamicConfiguration.java:75) ~[dubbo-2.7.0.jar:2.7.0]
	at org.apache.dubbo.configcenter.support.zookeeper.ZookeeperDynamicConfigurationFactory.createDynamicConfiguration(ZookeeperDynamicConfigurationFactory.java:29) ~[dubbo-2.7.0.jar:2.7.0]
	at org.apache.dubbo.configcenter.AbstractDynamicConfigurationFactory.getDynamicConfiguration(AbstractDynamicConfigurationFactory.java:33) ~[dubbo-2.7.0.jar:2.7.0]
	at org.apache.dubbo.config.AbstractInterfaceConfig.getDynamicConfiguration(AbstractInterfaceConfig.java:274) ~[dubbo-2.7.0.jar:2.7.0]
	at org.apache.dubbo.config.AbstractInterfaceConfig.prepareEnvironment(AbstractInterfaceConfig.java:249) ~[dubbo-2.7.0.jar:2.7.0]
	at org.apache.dubbo.config.AbstractInterfaceConfig.startConfigCenter(AbstractInterfaceConfig.java:239) ~[dubbo-2.7.0.jar:2.7.0]
	at org.apache.dubbo.config.AbstractInterfaceConfig.lambda$null$7(AbstractInterfaceConfig.java:580) ~[dubbo-2.7.0.jar:2.7.0]
	at org.apache.dubbo.config.AbstractInterfaceConfig$$Lambda$383/1099892020.get(Unknown Source) ~[?:?]
	at java.util.Optional.orElseGet(Optional.java:267) ~[?:1.8.0_31]
	at org.apache.dubbo.config.AbstractInterfaceConfig.lambda$useRegistryForConfigIfNecessary$8(AbstractInterfaceConfig.java:573) ~[dubbo-2.7.0.jar:2.7.0]
	at org.apache.dubbo.config.AbstractInterfaceConfig$$Lambda$382/570017514.accept(Unknown Source) ~[?:?]
	at java.util.Optional.ifPresent(Optional.java:159) ~[?:1.8.0_31]
	at org.apache.dubbo.config.AbstractInterfaceConfig.useRegistryForConfigIfNecessary(AbstractInterfaceConfig.java:571) ~[dubbo-2.7.0.jar:2.7.0]
	at org.apache.dubbo.config.AbstractInterfaceConfig.checkRegistry(AbstractInterfaceConfig.java:167) ~[dubbo-2.7.0.jar:2.7.0]
	at org.apache.dubbo.config.ServiceConfig.checkAndUpdateSubConfigs(ServiceConfig.java:270) ~[dubbo-2.7.0.jar:2.7.0]
	at org.apache.dubbo.config.ServiceConfig.export(ServiceConfig.java:328) ~[dubbo-2.7.0.jar:2.7.0]
	at org.apache.dubbo.config.spring.ServiceBean.export(ServiceBean.java:318) ~[dubbo-2.7.0.jar:2.7.0]
	at org.apache.dubbo.config.spring.ServiceBean.onApplicationEvent(ServiceBean.java:112) ~[dubbo-2.7.0.jar:2.7.0]
	at org.apache.dubbo.config.spring.ServiceBean.onApplicationEvent(ServiceBean.java:58) ~[dubbo-2.7.0.jar:2.7.0]
	at org.springframework.context.event.SimpleApplicationEventMulticaster.doInvokeListener(SimpleApplicationEventMulticaster.java:172) ~[spring-context-5.1.5.RELEASE.jar:5.1.5.RELEASE]
	at org.springframework.context.event.SimpleApplicationEventMulticaster.invokeListener(SimpleApplicationEventMulticaster.java:165) ~[spring-context-5.1.5.RELEASE.jar:5.1.5.RELEASE]
	at org.springframework.context.event.SimpleApplicationEventMulticaster.multicastEvent(SimpleApplicationEventMulticaster.java:139) ~[spring-context-5.1.5.RELEASE.jar:5.1.5.RELEASE]
	at org.springframework.context.support.AbstractApplicationContext.publishEvent(AbstractApplicationContext.java:402) ~[spring-context-5.1.5.RELEASE.jar:5.1.5.RELEASE]
	at org.springframework.context.support.AbstractApplicationContext.publishEvent(AbstractApplicationContext.java:359) ~[spring-context-5.1.5.RELEASE.jar:5.1.5.RELEASE]
	at org.springframework.context.support.AbstractApplicationContext.finishRefresh(AbstractApplicationContext.java:896) ~[spring-context-5.1.5.RELEASE.jar:5.1.5.RELEASE]
	at org.springframework.boot.web.servlet.context.ServletWebServerApplicationContext.finishRefresh(ServletWebServerApplicationContext.java:163) ~[spring-boot-2.1.3.RELEASE.jar:2.1.3.RELEASE]
	at org.springframework.context.support.AbstractApplicationContext.refresh(AbstractApplicationContext.java:552) ~[spring-context-5.1.5.RELEASE.jar:5.1.5.RELEASE]
	at org.springframework.boot.web.servlet.context.ServletWebServerApplicationContext.refresh(ServletWebServerApplicationContext.java:142) ~[spring-boot-2.1.3.RELEASE.jar:2.1.3.RELEASE]
	at org.springframework.boot.SpringApplication.refresh(SpringApplication.java:775) [spring-boot-2.1.3.RELEASE.jar:2.1.3.RELEASE]
	at org.springframework.boot.SpringApplication.refreshContext(SpringApplication.java:397) [spring-boot-2.1.3.RELEASE.jar:2.1.3.RELEASE]
	at org.springframework.boot.SpringApplication.run(SpringApplication.java:316) [spring-boot-2.1.3.RELEASE.jar:2.1.3.RELEASE]
	at org.springframework.boot.SpringApplication.run(SpringApplication.java:1260) [spring-boot-2.1.3.RELEASE.jar:2.1.3.RELEASE]
	at org.springframework.boot.SpringApplication.run(SpringApplication.java:1248) [spring-boot-2.1.3.RELEASE.jar:2.1.3.RELEASE]
	at net.chinahrd.ServiceApplication.main(ServiceApplication.java:20) [classes/:?]
2019-03-21 11:29:24.701 ERROR - o.s.b.SpringApplication.reportFailure(858) - Application run failed 
java.lang.IllegalStateException: Failed to connect to config center (zookeeper): 127.0.0.1:2181 in 30000ms.
	at org.apache.dubbo.configcenter.support.zookeeper.ZookeeperDynamicConfiguration.<init>(ZookeeperDynamicConfiguration.java:75) ~[dubbo-2.7.0.jar:2.7.0]
	at org.apache.dubbo.configcenter.support.zookeeper.ZookeeperDynamicConfigurationFactory.createDynamicConfiguration(ZookeeperDynamicConfigurationFactory.java:29) ~[dubbo-2.7.0.jar:2.7.0]
	at org.apache.dubbo.configcenter.AbstractDynamicConfigurationFactory.getDynamicConfiguration(AbstractDynamicConfigurationFactory.java:33) ~[dubbo-2.7.0.jar:2.7.0]
	at org.apache.dubbo.config.AbstractInterfaceConfig.getDynamicConfiguration(AbstractInterfaceConfig.java:274) ~[dubbo-2.7.0.jar:2.7.0]
	at org.apache.dubbo.config.AbstractInterfaceConfig.prepareEnvironment(AbstractInterfaceConfig.java:249) ~[dubbo-2.7.0.jar:2.7.0]
	at org.apache.dubbo.config.AbstractInterfaceConfig.startConfigCenter(AbstractInterfaceConfig.java:239) ~[dubbo-2.7.0.jar:2.7.0]
	at org.apache.dubbo.config.AbstractInterfaceConfig.lambda$null$7(AbstractInterfaceConfig.java:580) ~[dubbo-2.7.0.jar:2.7.0]
	at org.apache.dubbo.config.AbstractInterfaceConfig$$Lambda$383/1099892020.get(Unknown Source) ~[?:?]
	at java.util.Optional.orElseGet(Optional.java:267) ~[?:1.8.0_31]
	at org.apache.dubbo.config.AbstractInterfaceConfig.lambda$useRegistryForConfigIfNecessary$8(AbstractInterfaceConfig.java:573) ~[dubbo-2.7.0.jar:2.7.0]
	at org.apache.dubbo.config.AbstractInterfaceConfig$$Lambda$382/570017514.accept(Unknown Source) ~[?:?]
	at java.util.Optional.ifPresent(Optional.java:159) ~[?:1.8.0_31]
	at org.apache.dubbo.config.AbstractInterfaceConfig.useRegistryForConfigIfNecessary(AbstractInterfaceConfig.java:571) ~[dubbo-2.7.0.jar:2.7.0]
	at org.apache.dubbo.config.AbstractInterfaceConfig.checkRegistry(AbstractInterfaceConfig.java:167) ~[dubbo-2.7.0.jar:2.7.0]
	at org.apache.dubbo.config.ServiceConfig.checkAndUpdateSubConfigs(ServiceConfig.java:270) ~[dubbo-2.7.0.jar:2.7.0]
	at org.apache.dubbo.config.ServiceConfig.export(ServiceConfig.java:328) ~[dubbo-2.7.0.jar:2.7.0]
	at org.apache.dubbo.config.spring.ServiceBean.export(ServiceBean.java:318) ~[dubbo-2.7.0.jar:2.7.0]
	at org.apache.dubbo.config.spring.ServiceBean.onApplicationEvent(ServiceBean.java:112) ~[dubbo-2.7.0.jar:2.7.0]
	at org.apache.dubbo.config.spring.ServiceBean.onApplicationEvent(ServiceBean.java:58) ~[dubbo-2.7.0.jar:2.7.0]
	at org.springframework.context.event.SimpleApplicationEventMulticaster.doInvokeListener(SimpleApplicationEventMulticaster.java:172) ~[spring-context-5.1.5.RELEASE.jar:5.1.5.RELEASE]
	at org.springframework.context.event.SimpleApplicationEventMulticaster.invokeListener(SimpleApplicationEventMulticaster.java:165) ~[spring-context-5.1.5.RELEASE.jar:5.1.5.RELEASE]
	at org.springframework.context.event.SimpleApplicationEventMulticaster.multicastEvent(SimpleApplicationEventMulticaster.java:139) ~[spring-context-5.1.5.RELEASE.jar:5.1.5.RELEASE]
	at org.springframework.context.support.AbstractApplicationContext.publishEvent(AbstractApplicationContext.java:402) ~[spring-context-5.1.5.RELEASE.jar:5.1.5.RELEASE]
	at org.springframework.context.support.AbstractApplicationContext.publishEvent(AbstractApplicationContext.java:359) ~[spring-context-5.1.5.RELEASE.jar:5.1.5.RELEASE]
	at org.springframework.context.support.AbstractApplicationContext.finishRefresh(AbstractApplicationContext.java:896) ~[spring-context-5.1.5.RELEASE.jar:5.1.5.RELEASE]
	at org.springframework.boot.web.servlet.context.ServletWebServerApplicationContext.finishRefresh(ServletWebServerApplicationContext.java:163) ~[spring-boot-2.1.3.RELEASE.jar:2.1.3.RELEASE]
	at org.springframework.context.support.AbstractApplicationContext.refresh(AbstractApplicationContext.java:552) ~[spring-context-5.1.5.RELEASE.jar:5.1.5.RELEASE]
	at org.springframework.boot.web.servlet.context.ServletWebServerApplicationContext.refresh(ServletWebServerApplicationContext.java:142) ~[spring-boot-2.1.3.RELEASE.jar:2.1.3.RELEASE]
	at org.springframework.boot.SpringApplication.refresh(SpringApplication.java:775) [spring-boot-2.1.3.RELEASE.jar:2.1.3.RELEASE]
	at org.springframework.boot.SpringApplication.refreshContext(SpringApplication.java:397) [spring-boot-2.1.3.RELEASE.jar:2.1.3.RELEASE]
	at org.springframework.boot.SpringApplication.run(SpringApplication.java:316) [spring-boot-2.1.3.RELEASE.jar:2.1.3.RELEASE]
	at org.springframework.boot.SpringApplication.run(SpringApplication.java:1260) [spring-boot-2.1.3.RELEASE.jar:2.1.3.RELEASE]
	at org.springframework.boot.SpringApplication.run(SpringApplication.java:1248) [spring-boot-2.1.3.RELEASE.jar:2.1.3.RELEASE]
	at net.chinahrd.ServiceApplication.main(ServiceApplication.java:20) [classes/:?]
2019-03-21 16:35:23.373 ERROR - o.s.b.SpringApplication.reportFailure(858) - Application run failed 
java.lang.IllegalStateException: Failed to connect to config center (zookeeper): 127.0.0.1:2181 in 30000ms.
	at org.apache.dubbo.configcenter.support.zookeeper.ZookeeperDynamicConfiguration.<init>(ZookeeperDynamicConfiguration.java:75) ~[dubbo-2.7.0.jar:2.7.0]
	at org.apache.dubbo.configcenter.support.zookeeper.ZookeeperDynamicConfigurationFactory.createDynamicConfiguration(ZookeeperDynamicConfigurationFactory.java:29) ~[dubbo-2.7.0.jar:2.7.0]
	at org.apache.dubbo.configcenter.AbstractDynamicConfigurationFactory.getDynamicConfiguration(AbstractDynamicConfigurationFactory.java:33) ~[dubbo-2.7.0.jar:2.7.0]
	at org.apache.dubbo.config.AbstractInterfaceConfig.getDynamicConfiguration(AbstractInterfaceConfig.java:274) ~[dubbo-2.7.0.jar:2.7.0]
	at org.apache.dubbo.config.AbstractInterfaceConfig.prepareEnvironment(AbstractInterfaceConfig.java:249) ~[dubbo-2.7.0.jar:2.7.0]
	at org.apache.dubbo.config.AbstractInterfaceConfig.startConfigCenter(AbstractInterfaceConfig.java:239) ~[dubbo-2.7.0.jar:2.7.0]
	at org.apache.dubbo.config.AbstractInterfaceConfig.lambda$null$7(AbstractInterfaceConfig.java:580) ~[dubbo-2.7.0.jar:2.7.0]
	at org.apache.dubbo.config.AbstractInterfaceConfig$$Lambda$413/1411206559.get(Unknown Source) ~[?:?]
	at java.util.Optional.orElseGet(Optional.java:267) ~[?:1.8.0_31]
	at org.apache.dubbo.config.AbstractInterfaceConfig.lambda$useRegistryForConfigIfNecessary$8(AbstractInterfaceConfig.java:573) ~[dubbo-2.7.0.jar:2.7.0]
	at org.apache.dubbo.config.AbstractInterfaceConfig$$Lambda$412/9126317.accept(Unknown Source) ~[?:?]
	at java.util.Optional.ifPresent(Optional.java:159) ~[?:1.8.0_31]
	at org.apache.dubbo.config.AbstractInterfaceConfig.useRegistryForConfigIfNecessary(AbstractInterfaceConfig.java:571) ~[dubbo-2.7.0.jar:2.7.0]
	at org.apache.dubbo.config.AbstractInterfaceConfig.checkRegistry(AbstractInterfaceConfig.java:167) ~[dubbo-2.7.0.jar:2.7.0]
	at org.apache.dubbo.config.ServiceConfig.checkAndUpdateSubConfigs(ServiceConfig.java:270) ~[dubbo-2.7.0.jar:2.7.0]
	at org.apache.dubbo.config.ServiceConfig.export(ServiceConfig.java:328) ~[dubbo-2.7.0.jar:2.7.0]
	at org.apache.dubbo.config.spring.ServiceBean.export(ServiceBean.java:318) ~[dubbo-2.7.0.jar:2.7.0]
	at org.apache.dubbo.config.spring.ServiceBean.onApplicationEvent(ServiceBean.java:112) ~[dubbo-2.7.0.jar:2.7.0]
	at org.apache.dubbo.config.spring.ServiceBean.onApplicationEvent(ServiceBean.java:58) ~[dubbo-2.7.0.jar:2.7.0]
	at org.springframework.context.event.SimpleApplicationEventMulticaster.doInvokeListener(SimpleApplicationEventMulticaster.java:172) ~[spring-context-5.1.5.RELEASE.jar:5.1.5.RELEASE]
	at org.springframework.context.event.SimpleApplicationEventMulticaster.invokeListener(SimpleApplicationEventMulticaster.java:165) ~[spring-context-5.1.5.RELEASE.jar:5.1.5.RELEASE]
	at org.springframework.context.event.SimpleApplicationEventMulticaster.multicastEvent(SimpleApplicationEventMulticaster.java:139) ~[spring-context-5.1.5.RELEASE.jar:5.1.5.RELEASE]
	at org.springframework.context.support.AbstractApplicationContext.publishEvent(AbstractApplicationContext.java:402) ~[spring-context-5.1.5.RELEASE.jar:5.1.5.RELEASE]
	at org.springframework.context.support.AbstractApplicationContext.publishEvent(AbstractApplicationContext.java:359) ~[spring-context-5.1.5.RELEASE.jar:5.1.5.RELEASE]
	at org.springframework.context.support.AbstractApplicationContext.finishRefresh(AbstractApplicationContext.java:896) ~[spring-context-5.1.5.RELEASE.jar:5.1.5.RELEASE]
	at org.springframework.boot.web.servlet.context.ServletWebServerApplicationContext.finishRefresh(ServletWebServerApplicationContext.java:163) ~[spring-boot-2.1.3.RELEASE.jar:2.1.3.RELEASE]
	at org.springframework.context.support.AbstractApplicationContext.refresh(AbstractApplicationContext.java:552) ~[spring-context-5.1.5.RELEASE.jar:5.1.5.RELEASE]
	at org.springframework.boot.web.servlet.context.ServletWebServerApplicationContext.refresh(ServletWebServerApplicationContext.java:142) ~[spring-boot-2.1.3.RELEASE.jar:2.1.3.RELEASE]
	at org.springframework.boot.SpringApplication.refresh(SpringApplication.java:775) [spring-boot-2.1.3.RELEASE.jar:2.1.3.RELEASE]
	at org.springframework.boot.SpringApplication.refreshContext(SpringApplication.java:397) [spring-boot-2.1.3.RELEASE.jar:2.1.3.RELEASE]
	at org.springframework.boot.SpringApplication.run(SpringApplication.java:316) [spring-boot-2.1.3.RELEASE.jar:2.1.3.RELEASE]
	at org.springframework.boot.SpringApplication.run(SpringApplication.java:1260) [spring-boot-2.1.3.RELEASE.jar:2.1.3.RELEASE]
	at org.springframework.boot.SpringApplication.run(SpringApplication.java:1248) [spring-boot-2.1.3.RELEASE.jar:2.1.3.RELEASE]
	at net.chinahrd.ServiceApplication.main(ServiceApplication.java:20) [classes/:?]
2019-03-21 16:35:23.373 ERROR - o.s.b.SpringApplication.reportFailure(858) - Application run failed 
java.lang.IllegalStateException: Failed to connect to config center (zookeeper): 127.0.0.1:2181 in 30000ms.
	at org.apache.dubbo.configcenter.support.zookeeper.ZookeeperDynamicConfiguration.<init>(ZookeeperDynamicConfiguration.java:75) ~[dubbo-2.7.0.jar:2.7.0]
	at org.apache.dubbo.configcenter.support.zookeeper.ZookeeperDynamicConfigurationFactory.createDynamicConfiguration(ZookeeperDynamicConfigurationFactory.java:29) ~[dubbo-2.7.0.jar:2.7.0]
	at org.apache.dubbo.configcenter.AbstractDynamicConfigurationFactory.getDynamicConfiguration(AbstractDynamicConfigurationFactory.java:33) ~[dubbo-2.7.0.jar:2.7.0]
	at org.apache.dubbo.config.AbstractInterfaceConfig.getDynamicConfiguration(AbstractInterfaceConfig.java:274) ~[dubbo-2.7.0.jar:2.7.0]
	at org.apache.dubbo.config.AbstractInterfaceConfig.prepareEnvironment(AbstractInterfaceConfig.java:249) ~[dubbo-2.7.0.jar:2.7.0]
	at org.apache.dubbo.config.AbstractInterfaceConfig.startConfigCenter(AbstractInterfaceConfig.java:239) ~[dubbo-2.7.0.jar:2.7.0]
	at org.apache.dubbo.config.AbstractInterfaceConfig.lambda$null$7(AbstractInterfaceConfig.java:580) ~[dubbo-2.7.0.jar:2.7.0]
	at org.apache.dubbo.config.AbstractInterfaceConfig$$Lambda$413/1411206559.get(Unknown Source) ~[?:?]
	at java.util.Optional.orElseGet(Optional.java:267) ~[?:1.8.0_31]
	at org.apache.dubbo.config.AbstractInterfaceConfig.lambda$useRegistryForConfigIfNecessary$8(AbstractInterfaceConfig.java:573) ~[dubbo-2.7.0.jar:2.7.0]
	at org.apache.dubbo.config.AbstractInterfaceConfig$$Lambda$412/9126317.accept(Unknown Source) ~[?:?]
	at java.util.Optional.ifPresent(Optional.java:159) ~[?:1.8.0_31]
	at org.apache.dubbo.config.AbstractInterfaceConfig.useRegistryForConfigIfNecessary(AbstractInterfaceConfig.java:571) ~[dubbo-2.7.0.jar:2.7.0]
	at org.apache.dubbo.config.AbstractInterfaceConfig.checkRegistry(AbstractInterfaceConfig.java:167) ~[dubbo-2.7.0.jar:2.7.0]
	at org.apache.dubbo.config.ServiceConfig.checkAndUpdateSubConfigs(ServiceConfig.java:270) ~[dubbo-2.7.0.jar:2.7.0]
	at org.apache.dubbo.config.ServiceConfig.export(ServiceConfig.java:328) ~[dubbo-2.7.0.jar:2.7.0]
	at org.apache.dubbo.config.spring.ServiceBean.export(ServiceBean.java:318) ~[dubbo-2.7.0.jar:2.7.0]
	at org.apache.dubbo.config.spring.ServiceBean.onApplicationEvent(ServiceBean.java:112) ~[dubbo-2.7.0.jar:2.7.0]
	at org.apache.dubbo.config.spring.ServiceBean.onApplicationEvent(ServiceBean.java:58) ~[dubbo-2.7.0.jar:2.7.0]
	at org.springframework.context.event.SimpleApplicationEventMulticaster.doInvokeListener(SimpleApplicationEventMulticaster.java:172) ~[spring-context-5.1.5.RELEASE.jar:5.1.5.RELEASE]
	at org.springframework.context.event.SimpleApplicationEventMulticaster.invokeListener(SimpleApplicationEventMulticaster.java:165) ~[spring-context-5.1.5.RELEASE.jar:5.1.5.RELEASE]
	at org.springframework.context.event.SimpleApplicationEventMulticaster.multicastEvent(SimpleApplicationEventMulticaster.java:139) ~[spring-context-5.1.5.RELEASE.jar:5.1.5.RELEASE]
	at org.springframework.context.support.AbstractApplicationContext.publishEvent(AbstractApplicationContext.java:402) ~[spring-context-5.1.5.RELEASE.jar:5.1.5.RELEASE]
	at org.springframework.context.support.AbstractApplicationContext.publishEvent(AbstractApplicationContext.java:359) ~[spring-context-5.1.5.RELEASE.jar:5.1.5.RELEASE]
	at org.springframework.context.support.AbstractApplicationContext.finishRefresh(AbstractApplicationContext.java:896) ~[spring-context-5.1.5.RELEASE.jar:5.1.5.RELEASE]
	at org.springframework.boot.web.servlet.context.ServletWebServerApplicationContext.finishRefresh(ServletWebServerApplicationContext.java:163) ~[spring-boot-2.1.3.RELEASE.jar:2.1.3.RELEASE]
	at org.springframework.context.support.AbstractApplicationContext.refresh(AbstractApplicationContext.java:552) ~[spring-context-5.1.5.RELEASE.jar:5.1.5.RELEASE]
	at org.springframework.boot.web.servlet.context.ServletWebServerApplicationContext.refresh(ServletWebServerApplicationContext.java:142) ~[spring-boot-2.1.3.RELEASE.jar:2.1.3.RELEASE]
	at org.springframework.boot.SpringApplication.refresh(SpringApplication.java:775) [spring-boot-2.1.3.RELEASE.jar:2.1.3.RELEASE]
	at org.springframework.boot.SpringApplication.refreshContext(SpringApplication.java:397) [spring-boot-2.1.3.RELEASE.jar:2.1.3.RELEASE]
	at org.springframework.boot.SpringApplication.run(SpringApplication.java:316) [spring-boot-2.1.3.RELEASE.jar:2.1.3.RELEASE]
	at org.springframework.boot.SpringApplication.run(SpringApplication.java:1260) [spring-boot-2.1.3.RELEASE.jar:2.1.3.RELEASE]
	at org.springframework.boot.SpringApplication.run(SpringApplication.java:1248) [spring-boot-2.1.3.RELEASE.jar:2.1.3.RELEASE]
	at net.chinahrd.ServiceApplication.main(ServiceApplication.java:20) [classes/:?]
2019-03-21 16:39:40.079 ERROR - o.s.b.SpringApplication.reportFailure(858) - Application run failed 
java.lang.IllegalStateException: Failed to connect to config center (zookeeper): 127.0.0.1:2181 in 30000ms.
	at org.apache.dubbo.configcenter.support.zookeeper.ZookeeperDynamicConfiguration.<init>(ZookeeperDynamicConfiguration.java:75) ~[dubbo-2.7.0.jar:2.7.0]
	at org.apache.dubbo.configcenter.support.zookeeper.ZookeeperDynamicConfigurationFactory.createDynamicConfiguration(ZookeeperDynamicConfigurationFactory.java:29) ~[dubbo-2.7.0.jar:2.7.0]
	at org.apache.dubbo.configcenter.AbstractDynamicConfigurationFactory.getDynamicConfiguration(AbstractDynamicConfigurationFactory.java:33) ~[dubbo-2.7.0.jar:2.7.0]
	at org.apache.dubbo.config.AbstractInterfaceConfig.getDynamicConfiguration(AbstractInterfaceConfig.java:274) ~[dubbo-2.7.0.jar:2.7.0]
	at org.apache.dubbo.config.AbstractInterfaceConfig.prepareEnvironment(AbstractInterfaceConfig.java:249) ~[dubbo-2.7.0.jar:2.7.0]
	at org.apache.dubbo.config.AbstractInterfaceConfig.startConfigCenter(AbstractInterfaceConfig.java:239) ~[dubbo-2.7.0.jar:2.7.0]
	at org.apache.dubbo.config.AbstractInterfaceConfig.lambda$null$7(AbstractInterfaceConfig.java:580) ~[dubbo-2.7.0.jar:2.7.0]
	at org.apache.dubbo.config.AbstractInterfaceConfig$$Lambda$413/1821310436.get(Unknown Source) ~[?:?]
	at java.util.Optional.orElseGet(Optional.java:267) ~[?:1.8.0_31]
	at org.apache.dubbo.config.AbstractInterfaceConfig.lambda$useRegistryForConfigIfNecessary$8(AbstractInterfaceConfig.java:573) ~[dubbo-2.7.0.jar:2.7.0]
	at org.apache.dubbo.config.AbstractInterfaceConfig$$Lambda$412/1865505544.accept(Unknown Source) ~[?:?]
	at java.util.Optional.ifPresent(Optional.java:159) ~[?:1.8.0_31]
	at org.apache.dubbo.config.AbstractInterfaceConfig.useRegistryForConfigIfNecessary(AbstractInterfaceConfig.java:571) ~[dubbo-2.7.0.jar:2.7.0]
	at org.apache.dubbo.config.AbstractInterfaceConfig.checkRegistry(AbstractInterfaceConfig.java:167) ~[dubbo-2.7.0.jar:2.7.0]
	at org.apache.dubbo.config.ServiceConfig.checkAndUpdateSubConfigs(ServiceConfig.java:270) ~[dubbo-2.7.0.jar:2.7.0]
	at org.apache.dubbo.config.ServiceConfig.export(ServiceConfig.java:328) ~[dubbo-2.7.0.jar:2.7.0]
	at org.apache.dubbo.config.spring.ServiceBean.export(ServiceBean.java:318) ~[dubbo-2.7.0.jar:2.7.0]
	at org.apache.dubbo.config.spring.ServiceBean.onApplicationEvent(ServiceBean.java:112) ~[dubbo-2.7.0.jar:2.7.0]
	at org.apache.dubbo.config.spring.ServiceBean.onApplicationEvent(ServiceBean.java:58) ~[dubbo-2.7.0.jar:2.7.0]
	at org.springframework.context.event.SimpleApplicationEventMulticaster.doInvokeListener(SimpleApplicationEventMulticaster.java:172) ~[spring-context-5.1.5.RELEASE.jar:5.1.5.RELEASE]
	at org.springframework.context.event.SimpleApplicationEventMulticaster.invokeListener(SimpleApplicationEventMulticaster.java:165) ~[spring-context-5.1.5.RELEASE.jar:5.1.5.RELEASE]
	at org.springframework.context.event.SimpleApplicationEventMulticaster.multicastEvent(SimpleApplicationEventMulticaster.java:139) ~[spring-context-5.1.5.RELEASE.jar:5.1.5.RELEASE]
	at org.springframework.context.support.AbstractApplicationContext.publishEvent(AbstractApplicationContext.java:402) ~[spring-context-5.1.5.RELEASE.jar:5.1.5.RELEASE]
	at org.springframework.context.support.AbstractApplicationContext.publishEvent(AbstractApplicationContext.java:359) ~[spring-context-5.1.5.RELEASE.jar:5.1.5.RELEASE]
	at org.springframework.context.support.AbstractApplicationContext.finishRefresh(AbstractApplicationContext.java:896) ~[spring-context-5.1.5.RELEASE.jar:5.1.5.RELEASE]
	at org.springframework.boot.web.servlet.context.ServletWebServerApplicationContext.finishRefresh(ServletWebServerApplicationContext.java:163) ~[spring-boot-2.1.3.RELEASE.jar:2.1.3.RELEASE]
	at org.springframework.context.support.AbstractApplicationContext.refresh(AbstractApplicationContext.java:552) ~[spring-context-5.1.5.RELEASE.jar:5.1.5.RELEASE]
	at org.springframework.boot.web.servlet.context.ServletWebServerApplicationContext.refresh(ServletWebServerApplicationContext.java:142) ~[spring-boot-2.1.3.RELEASE.jar:2.1.3.RELEASE]
	at org.springframework.boot.SpringApplication.refresh(SpringApplication.java:775) [spring-boot-2.1.3.RELEASE.jar:2.1.3.RELEASE]
	at org.springframework.boot.SpringApplication.refreshContext(SpringApplication.java:397) [spring-boot-2.1.3.RELEASE.jar:2.1.3.RELEASE]
	at org.springframework.boot.SpringApplication.run(SpringApplication.java:316) [spring-boot-2.1.3.RELEASE.jar:2.1.3.RELEASE]
	at org.springframework.boot.SpringApplication.run(SpringApplication.java:1260) [spring-boot-2.1.3.RELEASE.jar:2.1.3.RELEASE]
	at org.springframework.boot.SpringApplication.run(SpringApplication.java:1248) [spring-boot-2.1.3.RELEASE.jar:2.1.3.RELEASE]
	at net.chinahrd.ServiceApplication.main(ServiceApplication.java:20) [classes/:?]
2019-03-21 16:39:40.079 ERROR - o.s.b.SpringApplication.reportFailure(858) - Application run failed 
java.lang.IllegalStateException: Failed to connect to config center (zookeeper): 127.0.0.1:2181 in 30000ms.
	at org.apache.dubbo.configcenter.support.zookeeper.ZookeeperDynamicConfiguration.<init>(ZookeeperDynamicConfiguration.java:75) ~[dubbo-2.7.0.jar:2.7.0]
	at org.apache.dubbo.configcenter.support.zookeeper.ZookeeperDynamicConfigurationFactory.createDynamicConfiguration(ZookeeperDynamicConfigurationFactory.java:29) ~[dubbo-2.7.0.jar:2.7.0]
	at org.apache.dubbo.configcenter.AbstractDynamicConfigurationFactory.getDynamicConfiguration(AbstractDynamicConfigurationFactory.java:33) ~[dubbo-2.7.0.jar:2.7.0]
	at org.apache.dubbo.config.AbstractInterfaceConfig.getDynamicConfiguration(AbstractInterfaceConfig.java:274) ~[dubbo-2.7.0.jar:2.7.0]
	at org.apache.dubbo.config.AbstractInterfaceConfig.prepareEnvironment(AbstractInterfaceConfig.java:249) ~[dubbo-2.7.0.jar:2.7.0]
	at org.apache.dubbo.config.AbstractInterfaceConfig.startConfigCenter(AbstractInterfaceConfig.java:239) ~[dubbo-2.7.0.jar:2.7.0]
	at org.apache.dubbo.config.AbstractInterfaceConfig.lambda$null$7(AbstractInterfaceConfig.java:580) ~[dubbo-2.7.0.jar:2.7.0]
	at org.apache.dubbo.config.AbstractInterfaceConfig$$Lambda$413/1821310436.get(Unknown Source) ~[?:?]
	at java.util.Optional.orElseGet(Optional.java:267) ~[?:1.8.0_31]
	at org.apache.dubbo.config.AbstractInterfaceConfig.lambda$useRegistryForConfigIfNecessary$8(AbstractInterfaceConfig.java:573) ~[dubbo-2.7.0.jar:2.7.0]
	at org.apache.dubbo.config.AbstractInterfaceConfig$$Lambda$412/1865505544.accept(Unknown Source) ~[?:?]
	at java.util.Optional.ifPresent(Optional.java:159) ~[?:1.8.0_31]
	at org.apache.dubbo.config.AbstractInterfaceConfig.useRegistryForConfigIfNecessary(AbstractInterfaceConfig.java:571) ~[dubbo-2.7.0.jar:2.7.0]
	at org.apache.dubbo.config.AbstractInterfaceConfig.checkRegistry(AbstractInterfaceConfig.java:167) ~[dubbo-2.7.0.jar:2.7.0]
	at org.apache.dubbo.config.ServiceConfig.checkAndUpdateSubConfigs(ServiceConfig.java:270) ~[dubbo-2.7.0.jar:2.7.0]
	at org.apache.dubbo.config.ServiceConfig.export(ServiceConfig.java:328) ~[dubbo-2.7.0.jar:2.7.0]
	at org.apache.dubbo.config.spring.ServiceBean.export(ServiceBean.java:318) ~[dubbo-2.7.0.jar:2.7.0]
	at org.apache.dubbo.config.spring.ServiceBean.onApplicationEvent(ServiceBean.java:112) ~[dubbo-2.7.0.jar:2.7.0]
	at org.apache.dubbo.config.spring.ServiceBean.onApplicationEvent(ServiceBean.java:58) ~[dubbo-2.7.0.jar:2.7.0]
	at org.springframework.context.event.SimpleApplicationEventMulticaster.doInvokeListener(SimpleApplicationEventMulticaster.java:172) ~[spring-context-5.1.5.RELEASE.jar:5.1.5.RELEASE]
	at org.springframework.context.event.SimpleApplicationEventMulticaster.invokeListener(SimpleApplicationEventMulticaster.java:165) ~[spring-context-5.1.5.RELEASE.jar:5.1.5.RELEASE]
	at org.springframework.context.event.SimpleApplicationEventMulticaster.multicastEvent(SimpleApplicationEventMulticaster.java:139) ~[spring-context-5.1.5.RELEASE.jar:5.1.5.RELEASE]
	at org.springframework.context.support.AbstractApplicationContext.publishEvent(AbstractApplicationContext.java:402) ~[spring-context-5.1.5.RELEASE.jar:5.1.5.RELEASE]
	at org.springframework.context.support.AbstractApplicationContext.publishEvent(AbstractApplicationContext.java:359) ~[spring-context-5.1.5.RELEASE.jar:5.1.5.RELEASE]
	at org.springframework.context.support.AbstractApplicationContext.finishRefresh(AbstractApplicationContext.java:896) ~[spring-context-5.1.5.RELEASE.jar:5.1.5.RELEASE]
	at org.springframework.boot.web.servlet.context.ServletWebServerApplicationContext.finishRefresh(ServletWebServerApplicationContext.java:163) ~[spring-boot-2.1.3.RELEASE.jar:2.1.3.RELEASE]
	at org.springframework.context.support.AbstractApplicationContext.refresh(AbstractApplicationContext.java:552) ~[spring-context-5.1.5.RELEASE.jar:5.1.5.RELEASE]
	at org.springframework.boot.web.servlet.context.ServletWebServerApplicationContext.refresh(ServletWebServerApplicationContext.java:142) ~[spring-boot-2.1.3.RELEASE.jar:2.1.3.RELEASE]
	at org.springframework.boot.SpringApplication.refresh(SpringApplication.java:775) [spring-boot-2.1.3.RELEASE.jar:2.1.3.RELEASE]
	at org.springframework.boot.SpringApplication.refreshContext(SpringApplication.java:397) [spring-boot-2.1.3.RELEASE.jar:2.1.3.RELEASE]
	at org.springframework.boot.SpringApplication.run(SpringApplication.java:316) [spring-boot-2.1.3.RELEASE.jar:2.1.3.RELEASE]
	at org.springframework.boot.SpringApplication.run(SpringApplication.java:1260) [spring-boot-2.1.3.RELEASE.jar:2.1.3.RELEASE]
	at org.springframework.boot.SpringApplication.run(SpringApplication.java:1248) [spring-boot-2.1.3.RELEASE.jar:2.1.3.RELEASE]
	at net.chinahrd.ServiceApplication.main(ServiceApplication.java:20) [classes/:?]
2019-03-21 16:45:02.332 ERROR - o.s.b.SpringApplication.reportFailure(858) - Application run failed 
java.lang.IllegalStateException: Failed to connect to config center (zookeeper): 127.0.0.1:2181 in 30000ms.
	at org.apache.dubbo.configcenter.support.zookeeper.ZookeeperDynamicConfiguration.<init>(ZookeeperDynamicConfiguration.java:75) ~[dubbo-2.7.0.jar:2.7.0]
	at org.apache.dubbo.configcenter.support.zookeeper.ZookeeperDynamicConfigurationFactory.createDynamicConfiguration(ZookeeperDynamicConfigurationFactory.java:29) ~[dubbo-2.7.0.jar:2.7.0]
	at org.apache.dubbo.configcenter.AbstractDynamicConfigurationFactory.getDynamicConfiguration(AbstractDynamicConfigurationFactory.java:33) ~[dubbo-2.7.0.jar:2.7.0]
	at org.apache.dubbo.config.AbstractInterfaceConfig.getDynamicConfiguration(AbstractInterfaceConfig.java:274) ~[dubbo-2.7.0.jar:2.7.0]
	at org.apache.dubbo.config.AbstractInterfaceConfig.prepareEnvironment(AbstractInterfaceConfig.java:249) ~[dubbo-2.7.0.jar:2.7.0]
	at org.apache.dubbo.config.AbstractInterfaceConfig.startConfigCenter(AbstractInterfaceConfig.java:239) ~[dubbo-2.7.0.jar:2.7.0]
	at org.apache.dubbo.config.AbstractInterfaceConfig.lambda$null$7(AbstractInterfaceConfig.java:580) ~[dubbo-2.7.0.jar:2.7.0]
	at org.apache.dubbo.config.AbstractInterfaceConfig$$Lambda$413/776919575.get(Unknown Source) ~[?:?]
	at java.util.Optional.orElseGet(Optional.java:267) ~[?:1.8.0_31]
	at org.apache.dubbo.config.AbstractInterfaceConfig.lambda$useRegistryForConfigIfNecessary$8(AbstractInterfaceConfig.java:573) ~[dubbo-2.7.0.jar:2.7.0]
	at org.apache.dubbo.config.AbstractInterfaceConfig$$Lambda$412/1363376124.accept(Unknown Source) ~[?:?]
	at java.util.Optional.ifPresent(Optional.java:159) ~[?:1.8.0_31]
	at org.apache.dubbo.config.AbstractInterfaceConfig.useRegistryForConfigIfNecessary(AbstractInterfaceConfig.java:571) ~[dubbo-2.7.0.jar:2.7.0]
	at org.apache.dubbo.config.AbstractInterfaceConfig.checkRegistry(AbstractInterfaceConfig.java:167) ~[dubbo-2.7.0.jar:2.7.0]
	at org.apache.dubbo.config.ServiceConfig.checkAndUpdateSubConfigs(ServiceConfig.java:270) ~[dubbo-2.7.0.jar:2.7.0]
	at org.apache.dubbo.config.ServiceConfig.export(ServiceConfig.java:328) ~[dubbo-2.7.0.jar:2.7.0]
	at org.apache.dubbo.config.spring.ServiceBean.export(ServiceBean.java:318) ~[dubbo-2.7.0.jar:2.7.0]
	at org.apache.dubbo.config.spring.ServiceBean.onApplicationEvent(ServiceBean.java:112) ~[dubbo-2.7.0.jar:2.7.0]
	at org.apache.dubbo.config.spring.ServiceBean.onApplicationEvent(ServiceBean.java:58) ~[dubbo-2.7.0.jar:2.7.0]
	at org.springframework.context.event.SimpleApplicationEventMulticaster.doInvokeListener(SimpleApplicationEventMulticaster.java:172) ~[spring-context-5.1.5.RELEASE.jar:5.1.5.RELEASE]
	at org.springframework.context.event.SimpleApplicationEventMulticaster.invokeListener(SimpleApplicationEventMulticaster.java:165) ~[spring-context-5.1.5.RELEASE.jar:5.1.5.RELEASE]
	at org.springframework.context.event.SimpleApplicationEventMulticaster.multicastEvent(SimpleApplicationEventMulticaster.java:139) ~[spring-context-5.1.5.RELEASE.jar:5.1.5.RELEASE]
	at org.springframework.context.support.AbstractApplicationContext.publishEvent(AbstractApplicationContext.java:402) ~[spring-context-5.1.5.RELEASE.jar:5.1.5.RELEASE]
	at org.springframework.context.support.AbstractApplicationContext.publishEvent(AbstractApplicationContext.java:359) ~[spring-context-5.1.5.RELEASE.jar:5.1.5.RELEASE]
	at org.springframework.context.support.AbstractApplicationContext.finishRefresh(AbstractApplicationContext.java:896) ~[spring-context-5.1.5.RELEASE.jar:5.1.5.RELEASE]
	at org.springframework.boot.web.servlet.context.ServletWebServerApplicationContext.finishRefresh(ServletWebServerApplicationContext.java:163) ~[spring-boot-2.1.3.RELEASE.jar:2.1.3.RELEASE]
	at org.springframework.context.support.AbstractApplicationContext.refresh(AbstractApplicationContext.java:552) ~[spring-context-5.1.5.RELEASE.jar:5.1.5.RELEASE]
	at org.springframework.boot.web.servlet.context.ServletWebServerApplicationContext.refresh(ServletWebServerApplicationContext.java:142) ~[spring-boot-2.1.3.RELEASE.jar:2.1.3.RELEASE]
	at org.springframework.boot.SpringApplication.refresh(SpringApplication.java:775) [spring-boot-2.1.3.RELEASE.jar:2.1.3.RELEASE]
	at org.springframework.boot.SpringApplication.refreshContext(SpringApplication.java:397) [spring-boot-2.1.3.RELEASE.jar:2.1.3.RELEASE]
	at org.springframework.boot.SpringApplication.run(SpringApplication.java:316) [spring-boot-2.1.3.RELEASE.jar:2.1.3.RELEASE]
	at org.springframework.boot.SpringApplication.run(SpringApplication.java:1260) [spring-boot-2.1.3.RELEASE.jar:2.1.3.RELEASE]
	at org.springframework.boot.SpringApplication.run(SpringApplication.java:1248) [spring-boot-2.1.3.RELEASE.jar:2.1.3.RELEASE]
	at net.chinahrd.ServiceApplication.main(ServiceApplication.java:20) [classes/:?]
2019-03-21 16:45:02.332 ERROR - o.s.b.SpringApplication.reportFailure(858) - Application run failed 
java.lang.IllegalStateException: Failed to connect to config center (zookeeper): 127.0.0.1:2181 in 30000ms.
	at org.apache.dubbo.configcenter.support.zookeeper.ZookeeperDynamicConfiguration.<init>(ZookeeperDynamicConfiguration.java:75) ~[dubbo-2.7.0.jar:2.7.0]
	at org.apache.dubbo.configcenter.support.zookeeper.ZookeeperDynamicConfigurationFactory.createDynamicConfiguration(ZookeeperDynamicConfigurationFactory.java:29) ~[dubbo-2.7.0.jar:2.7.0]
	at org.apache.dubbo.configcenter.AbstractDynamicConfigurationFactory.getDynamicConfiguration(AbstractDynamicConfigurationFactory.java:33) ~[dubbo-2.7.0.jar:2.7.0]
	at org.apache.dubbo.config.AbstractInterfaceConfig.getDynamicConfiguration(AbstractInterfaceConfig.java:274) ~[dubbo-2.7.0.jar:2.7.0]
	at org.apache.dubbo.config.AbstractInterfaceConfig.prepareEnvironment(AbstractInterfaceConfig.java:249) ~[dubbo-2.7.0.jar:2.7.0]
	at org.apache.dubbo.config.AbstractInterfaceConfig.startConfigCenter(AbstractInterfaceConfig.java:239) ~[dubbo-2.7.0.jar:2.7.0]
	at org.apache.dubbo.config.AbstractInterfaceConfig.lambda$null$7(AbstractInterfaceConfig.java:580) ~[dubbo-2.7.0.jar:2.7.0]
	at org.apache.dubbo.config.AbstractInterfaceConfig$$Lambda$413/776919575.get(Unknown Source) ~[?:?]
	at java.util.Optional.orElseGet(Optional.java:267) ~[?:1.8.0_31]
	at org.apache.dubbo.config.AbstractInterfaceConfig.lambda$useRegistryForConfigIfNecessary$8(AbstractInterfaceConfig.java:573) ~[dubbo-2.7.0.jar:2.7.0]
	at org.apache.dubbo.config.AbstractInterfaceConfig$$Lambda$412/1363376124.accept(Unknown Source) ~[?:?]
	at java.util.Optional.ifPresent(Optional.java:159) ~[?:1.8.0_31]
	at org.apache.dubbo.config.AbstractInterfaceConfig.useRegistryForConfigIfNecessary(AbstractInterfaceConfig.java:571) ~[dubbo-2.7.0.jar:2.7.0]
	at org.apache.dubbo.config.AbstractInterfaceConfig.checkRegistry(AbstractInterfaceConfig.java:167) ~[dubbo-2.7.0.jar:2.7.0]
	at org.apache.dubbo.config.ServiceConfig.checkAndUpdateSubConfigs(ServiceConfig.java:270) ~[dubbo-2.7.0.jar:2.7.0]
	at org.apache.dubbo.config.ServiceConfig.export(ServiceConfig.java:328) ~[dubbo-2.7.0.jar:2.7.0]
	at org.apache.dubbo.config.spring.ServiceBean.export(ServiceBean.java:318) ~[dubbo-2.7.0.jar:2.7.0]
	at org.apache.dubbo.config.spring.ServiceBean.onApplicationEvent(ServiceBean.java:112) ~[dubbo-2.7.0.jar:2.7.0]
	at org.apache.dubbo.config.spring.ServiceBean.onApplicationEvent(ServiceBean.java:58) ~[dubbo-2.7.0.jar:2.7.0]
	at org.springframework.context.event.SimpleApplicationEventMulticaster.doInvokeListener(SimpleApplicationEventMulticaster.java:172) ~[spring-context-5.1.5.RELEASE.jar:5.1.5.RELEASE]
	at org.springframework.context.event.SimpleApplicationEventMulticaster.invokeListener(SimpleApplicationEventMulticaster.java:165) ~[spring-context-5.1.5.RELEASE.jar:5.1.5.RELEASE]
	at org.springframework.context.event.SimpleApplicationEventMulticaster.multicastEvent(SimpleApplicationEventMulticaster.java:139) ~[spring-context-5.1.5.RELEASE.jar:5.1.5.RELEASE]
	at org.springframework.context.support.AbstractApplicationContext.publishEvent(AbstractApplicationContext.java:402) ~[spring-context-5.1.5.RELEASE.jar:5.1.5.RELEASE]
	at org.springframework.context.support.AbstractApplicationContext.publishEvent(AbstractApplicationContext.java:359) ~[spring-context-5.1.5.RELEASE.jar:5.1.5.RELEASE]
	at org.springframework.context.support.AbstractApplicationContext.finishRefresh(AbstractApplicationContext.java:896) ~[spring-context-5.1.5.RELEASE.jar:5.1.5.RELEASE]
	at org.springframework.boot.web.servlet.context.ServletWebServerApplicationContext.finishRefresh(ServletWebServerApplicationContext.java:163) ~[spring-boot-2.1.3.RELEASE.jar:2.1.3.RELEASE]
	at org.springframework.context.support.AbstractApplicationContext.refresh(AbstractApplicationContext.java:552) ~[spring-context-5.1.5.RELEASE.jar:5.1.5.RELEASE]
	at org.springframework.boot.web.servlet.context.ServletWebServerApplicationContext.refresh(ServletWebServerApplicationContext.java:142) ~[spring-boot-2.1.3.RELEASE.jar:2.1.3.RELEASE]
	at org.springframework.boot.SpringApplication.refresh(SpringApplication.java:775) [spring-boot-2.1.3.RELEASE.jar:2.1.3.RELEASE]
	at org.springframework.boot.SpringApplication.refreshContext(SpringApplication.java:397) [spring-boot-2.1.3.RELEASE.jar:2.1.3.RELEASE]
	at org.springframework.boot.SpringApplication.run(SpringApplication.java:316) [spring-boot-2.1.3.RELEASE.jar:2.1.3.RELEASE]
	at org.springframework.boot.SpringApplication.run(SpringApplication.java:1260) [spring-boot-2.1.3.RELEASE.jar:2.1.3.RELEASE]
	at org.springframework.boot.SpringApplication.run(SpringApplication.java:1248) [spring-boot-2.1.3.RELEASE.jar:2.1.3.RELEASE]
	at net.chinahrd.ServiceApplication.main(ServiceApplication.java:20) [classes/:?]
